0 info it worked if it ends with ok
1 verbose cli [ 'E:\\Program Files\\nodejs\\node.exe',
1 verbose cli   'C:\\Users\\rjg\\AppData\\Roaming\\npm\\node_modules\\npm\\bin\\npm-cli.js',
1 verbose cli   'start' ]
2 info using npm@4.0.3
3 info using node@v6.2.0
4 verbose run-script [ 'prestart', 'start', 'poststart' ]
5 info lifecycle bike@1.0.0~prestart: bike@1.0.0
6 silly lifecycle bike@1.0.0~prestart: no script for prestart, continuing
7 info lifecycle bike@1.0.0~start: bike@1.0.0
8 verbose lifecycle bike@1.0.0~start: unsafe-perm in lifecycle true
9 verbose lifecycle bike@1.0.0~start: PATH: C:\Users\rjg\AppData\Roaming\npm\node_modules\npm\bin\node-gyp-bin;F:\Work\bike\node_modules\.bin;C:\Windows\system32;C:\Windows;C:\Windows\System32\Wbem;C:\Windows\System32\WindowsPowerShell\v1.0\;E:\Program Files (x86)\Git\cmd;E:\Program Files\nodejs\;;E:\Program Files (x86)\Microsoft VS Code\bin;C:\Users\rjg\AppData\Roaming\npm
10 verbose lifecycle bike@1.0.0~start: CWD: F:\Work\bike
11 silly lifecycle bike@1.0.0~start: Args: [ '/d /s /c', 'webpack-dev-server' ]
12 verbose stack Error: kill ENOSYS
12 verbose stack     at exports._errnoException (util.js:953:11)
12 verbose stack     at process.kill (internal/process.js:173:13)
12 verbose stack     at process.listener (C:\Users\rjg\AppData\Roaming\npm\node_modules\npm\node_modules\npmlog\node_modules\gauge\node_modules\signal-exit\index.js:86:15)
12 verbose stack     at emitNone (events.js:91:20)
12 verbose stack     at process.emit (events.js:185:7)
12 verbose stack     at processEmit (C:\Users\rjg\AppData\Roaming\npm\node_modules\npm\node_modules\npmlog\node_modules\gauge\node_modules\signal-exit\index.js:146:32)
12 verbose stack     at processEmit (C:\Users\rjg\AppData\Roaming\npm\node_modules\npm\node_modules\npm-registry-client\node_modules\npmlog\node_modules\gauge\node_modules\signal-exit\index.js:146:32)
12 verbose stack     at Signal.wrap.onsignal (internal/process.js:201:44)
13 verbose cwd F:\Work\bike
14 error Windows_NT 6.1.7601
15 error argv "E:\\Program Files\\nodejs\\node.exe" "C:\\Users\\rjg\\AppData\\Roaming\\npm\\node_modules\\npm\\bin\\npm-cli.js" "start"
16 error node v6.2.0
17 error npm  v4.0.3
18 error code ENOSYS
19 error errno ENOSYS
20 error syscall kill
21 error kill ENOSYS
22 error If you need help, you may report this error at:
22 error     <https://github.com/npm/npm/issues>
23 verbose exit [ 1, true ]
